<?xml version="1.0" encoding="UTF-8"?>
<!-- Generated by org.testng.reporters.JUnitReportReporter -->
<testsuite hostname="DESKTOP-OQTOG3O" failures="0" tests="1" name="bdd.AppTest" time="0.010" errors="0" timestamp="2023-02-03T22:34:26 CST" skipped="0">
  <testcase classname="bdd.AppTest" name="testApp" time="0.010"/>
  <system-out/>
</testsuite> <!-- bdd.AppTest -->
